f:\3dpro\3drender\3drender\debug\3drender.pch
f:\3dpro\3drender\3drender\debug\vc140.pdb
f:\3dpro\3drender\3drender\debug\vc140.idb
f:\3dpro\3drender\3drender\debug\stdafx.obj
f:\3dpro\3drender\3drender\debug\3drender.obj
f:\3dpro\3drender\3drender\debug\device.obj
f:\3dpro\3drender\3drender\debug\3drender.res
f:\3dpro\3drender\debug\3drender.pdb
f:\3dpro\3drender\3drender\debug\3drender.tlog\cl.command.1.tlog
f:\3dpro\3drender\3drender\debug\3drender.tlog\cl.read.1.tlog
f:\3dpro\3drender\3drender\debug\3drender.tlog\cl.write.1.tlog
f:\3dpro\3drender\3drender\debug\3drender.tlog\link-cvtres.read.1.tlog
f:\3dpro\3drender\3drender\debug\3drender.tlog\link-cvtres.write.1.tlog
f:\3dpro\3drender\3drender\debug\3drender.tlog\link-rc.read.1.tlog
f:\3dpro\3drender\3drender\debug\3drender.tlog\link-rc.write.1.tlog
f:\3dpro\3drender\3drender\debug\3drender.tlog\link.command.1.tlog
f:\3dpro\3drender\3drender\debug\3drender.tlog\link.read.1.tlog
f:\3dpro\3drender\3drender\debug\3drender.tlog\link.write.1.tlog
f:\3dpro\3drender\3drender\debug\3drender.tlog\rc.command.1.tlog
f:\3dpro\3drender\3drender\debug\3drender.tlog\rc.read.1.tlog
f:\3dpro\3drender\3drender\debug\3drender.tlog\rc.write.1.tlog
